#
# A fatal error has been detected by the Java Runtime Environment:
#
#  EXCEPTION_ACCESS_VIOLATION (0xc0000005) at pc=0x00007fff961bf9a6, pid=1884, tid=6608
#
# JRE version: OpenJDK Runtime Environment Temurin-17.0.7+7 (17.0.7+7) (build 17.0.7+7)
# Java VM: OpenJDK 64-Bit Server VM Temurin-17.0.7+7 (17.0.7+7, mixed mode, tiered, compressed oops, compressed class ptrs, parallel gc, windows-amd64)
# Problematic frame:
# V  [jvm.dll+0x1bf9a6]
#
# No core dump will be written. Minidumps are not enabled by default on client versions of Windows
#
# If you would like to submit a bug report, please visit:
#   https://github.com/adoptium/adoptium-support/issues
#

---------------  S U M M A R Y ------------

Command Line: --add-modules=ALL-SYSTEM --add-opens=java.base/java.util=ALL-UNNAMED --add-opens=java.base/java.lang=ALL-UNNAMED --add-opens=java.base/sun.nio.fs=ALL-UNNAMED -Declipse.application=org.eclipse.jdt.ls.core.id1 -Dosgi.bundles.defaultStartLevel=4 -Declipse.product=org.eclipse.jdt.ls.core.product -Djava.import.generatesMetadataFilesAtProjectRoot=false -Dfile.encoding=utf8 -XX:+UseParallelGC -XX:GCTimeRatio=4 -XX:AdaptiveSizePolicyWeight=90 -Dsun.zip.disableMemoryMapping=true -Xmx1G -Xms100m -Xlog:disable -javaagent:c:\Users\Usuario\.vscode\extensions\redhat.java-1.19.0-win32-x64\lombok\lombok-1.18.28.jar -XX:+HeapDumpOnOutOfMemoryError -XX:HeapDumpPath=c:\Users\Usuario\AppData\Roaming\Code\User\workspaceStorage\74d5f850366c5165507e9b467a83615c\redhat.java -Daether.dependencyCollector.impl=bf c:\Users\Usuario\.vscode\extensions\redhat.java-1.19.0-win32-x64\server\plugins\org.eclipse.equinox.launcher_1.6.400.v20210924-0641.jar -configuration c:\Users\Usuario\AppData\Roaming\Code\User\globalStorage\redhat.java\1.19.0\config_win -data c:\Users\Usuario\AppData\Roaming\Code\User\workspaceStorage\74d5f850366c5165507e9b467a83615c\redhat.java\jdt_ws

Host: Intel(R) Core(TM) i5-5200U CPU @ 2.20GHz, 4 cores, 7G,  Windows 10 , 64 bit Build 19041 (10.0.19041.2913)
Time: Sat Jun  3 12:07:16 2023 Hora estándar de Argentina elapsed time: 1.824031 seconds (0d 0h 0m 1s)

---------------  T H R E A D  ---------------

Current thread (0x0000026a43b149f0):  JavaThread "C2 CompilerThread0" daemon [_thread_in_native, id=6608, stack(0x000000a7c5300000,0x000000a7c5400000)]


Current CompileTask:
C2:   1824  663       4       sun.security.provider.SHA2::implCompress0 (490 bytes)

Stack: [0x000000a7c5300000,0x000000a7c5400000],  sp=0x000000a7c53fb820,  free space=1006k
Native frames: (J=compiled Java code, j=interpreted, Vv=VM code, C=native code)
V  [jvm.dll+0x1bf9a6]
V  [jvm.dll+0x364ffb]
V  [jvm.dll+0x364592]
V  [jvm.dll+0x1bc981]
V  [jvm.dll+0x219799]
V  [jvm.dll+0x218a61]
V  [jvm.dll+0x1a4d8d]
V  [jvm.dll+0x2284da]
V  [jvm.dll+0x226615]
V  [jvm.dll+0x7ea90b]
V  [jvm.dll+0x7e4e7a]
V  [jvm.dll+0x676395]
C  [ucrtbase.dll+0x21bb2]
C  [KERNEL32.DLL+0x17614]
C  [ntdll.dll+0x526a1]


siginfo: EXCEPTION_ACCESS_VIOLATION (0xc0000005), reading address 0xffffffffffffffff


Register to memory mapping:

RIP=0x00007fff961bf9a6 jvm.dll
RAX=0x0020026a49aab100 is an unknown value
RBX=0x0000026a49aab0f0 points into unknown readable memory: 0x0000000000000000 | 00 00 00 00 00 00 00 00
RCX=0x0 is NULL
RDX=0x0000000000000001 is an unknown value
RSP=0x000000a7c53fb820 is pointing into the stack for thread: 0x0000026a43b149f0
RBP=0x000000a7c53fba40 is pointing into the stack for thread: 0x0000026a43b149f0
RSI=0x0000000000000009 is an unknown value
RDI=0x0000000000000001 is an unknown value
R8 =0x0000000000000001 is an unknown value
R9 =0x00000000000000de is an unknown value
R10=0x0000000000030000 is an unknown value
R11=0x0 is NULL
R12=0x0000026a496f4270 points into unknown readable memory: 0x00007fff9691b3c0 | c0 b3 91 96 ff 7f 00 00
R13=0x0000000000000003 is an unknown value
R14=0x000000a7c53fbde0 is pointing into the stack for thread: 0x0000026a43b149f0
R15=0x0 is NULL


Registers:
RAX=0x0020026a49aab100, RBX=0x0000026a49aab0f0, RCX=0x0000000000000000, RDX=0x0000000000000001
RSP=0x000000a7c53fb820, RBP=0x000000a7c53fba40, RSI=0x0000000000000009, RDI=0x0000000000000001
R8 =0x0000000000000001, R9 =0x00000000000000de, R10=0x0000000000030000, R11=0x0000000000000000
R12=0x0000026a496f4270, R13=0x0000000000000003, R14=0x000000a7c53fbde0, R15=0x0000000000000000
RIP=0x00007fff961bf9a6, EFLAGS=0x0000000000010246

Top of Stack: (sp=0x000000a7c53fb820)
0x000000a7c53fb820:   0000000000000002 000000a7c53fb920
0x000000a7c53fb830:   0000000000000038 0000026a49119560
0x000000a7c53fb840:   0000026a49ac12e0 00007fff96364ffb
0x000000a7c53fb850:   0000026a49ac1860 0000026a49ac1860
0x000000a7c53fb860:   0000000100000001 0000026a491188c0
0x000000a7c53fb870:   00000000000000de 0000000100000001
0x000000a7c53fb880:   0000000100000001 0000026a49119480
0x000000a7c53fb890:   0000026a49115a40 0000026a49115a30
0x000000a7c53fb8a0:   0000000000000009 000000a7c53fbde0
0x000000a7c53fb8b0:   0000026a49115a30 00007fff96364592
0x000000a7c53fb8c0:   0000026a497c87f8 0000000000000001
0x000000a7c53fb8d0:   0000000000000000 0000000000000058
0x000000a7c53fb8e0:   0000026a43af0000 0000000000000000
0x000000a7c53fb8f0:   0000000000054f40 0000026a495ec800
0x000000a7c53fb900:   0000026a495eef68 00007fff96961900
0x000000a7c53fb910:   0000000000000000 0000000000000000 

Instructions: (pc=0x00007fff961bf9a6)
0x00007fff961bf8a6:   00 00 83 f8 01 76 17 f7 83 a8 00 00 00 00 02 00
0x00007fff961bf8b6:   00 75 0b 8b d0 48 8d 4b 38 e8 fc 6d 50 00 48 83
0x00007fff961bf8c6:   bb 88 00 00 00 00 7d 07 b8 ff ff 0f 00 eb 09 48
0x00007fff961bf8d6:   8d 4b 38 e8 e2 6c 50 00 0f b7 8b 9c 00 00 00 3b
0x00007fff961bf8e6:   c1 89 83 98 00 00 00 79 11 81 8b a8 00 00 00 80
0x00007fff961bf8f6:   00 00 00 c7 43 30 2f 75 00 00 ff c7 c7 43 34 00
0x00007fff961bf906:   00 00 00 3b be e0 00 00 00 0f 82 7b ff ff ff 48
0x00007fff961bf916:   81 c4 80 00 00 00 5f 5e 5b c3 f9 f4 1b 00 8b f5
0x00007fff961bf926:   1b 00 f9 f4 1b 00 f9 f4 1b 00 76 f4 1b 00 f9 f4
0x00007fff961bf936:   1b 00 b9 f4 1b 00 b9 f4 1b 00 3d f5 1b 00 f9 f4
0x00007fff961bf946:   1b 00 11 f5 1b 00 27 f5 1b 00 3d f5 1b 00 53 f5
0x00007fff961bf956:   1b 00 11 f5 1b 00 f9 f4 1b 00 48 8b 41 58 48 63
0x00007fff961bf966:   48 10 48 8d 05 05 77 95 00 48 c1 e1 05 8b 04 01
0x00007fff961bf976:   c3 cc cc cc cc cc cc cc cc cc 40 53 48 83 ec 20
0x00007fff961bf986:   48 8b d9 85 d2 75 08 32 c0 48 83 c4 20 5b c3 48
0x00007fff961bf996:   8b 43 08 8b ca 48 c1 e9 08 48 89 7c 24 30 8b fa
0x00007fff961bf9a6:   4c 8b 04 c8 48 8d 05 97 c5 9a 00 4c 3b c0 75 0b
0x00007fff961bf9b6:   48 8b cb e8 32 a5 1a 00 4c 8b c0 40 0f b6 cf ba
0x00007fff961bf9c6:   01 00 00 00 48 c1 ef 06 80 e1 3f 83 e7 03 48 d3
0x00007fff961bf9d6:   e2 49 8b 0c f8 48 8b c1 48 0b c2 49 89 04 f8 48
0x00007fff961bf9e6:   8b 7c 24 30 48 23 ca 75 02 ff 03 48 85 c9 0f 94
0x00007fff961bf9f6:   c0 48 83 c4 20 5b c3 cc cc cc 44 8b d2 41 3b d0
0x00007fff961bfa06:   7c 47 41 8d 80 c0 02 00 00 3b d0 7d 3c 44 8b ca
0x00007fff961bfa16:   45 2b c8 41 8b c1 83 e0 3f 0f b6 d0 41 8b c1 48
0x00007fff961bfa26:   c1 e8 06 48 8b 44 c1 38 48 0f a3 d0 73 1b 0f b7
0x00007fff961bfa36:   81 9c 00 00 00 83 f8 01 74 0c 8d 48 ff 8b c1 41
0x00007fff961bfa46:   23 c2 3b c1 75 03 b0 01 c3 32 c0 c3 cc cc cc cc
0x00007fff961bfa56:   cc cc cc cc cc cc cc cc cc cc 40 57 41 57 48 83
0x00007fff961bfa66:   ec 38 4c 8b 41 48 33 ff 48 89 5c 24 58 4c 8b f9
0x00007fff961bfa76:   48 89 74 24 68 4c 89 64 24 30 44 8b e7 4c 89 6c
0x00007fff961bfa86:   24 28 44 8b ef 41 39 78 40 0f 86 ba 00 00 00 48
0x00007fff961bfa96:   89 6c 24 60 4c 89 74 24 20 90 49 8b 40 30 8b ef 


Stack slot to memory mapping:
stack at sp + 0 slots: 0x0000000000000002 is an unknown value
stack at sp + 1 slots: 0x000000a7c53fb920 is pointing into the stack for thread: 0x0000026a43b149f0
stack at sp + 2 slots: 0x0000000000000038 is an unknown value
stack at sp + 3 slots: 0x0000026a49119560 points into unknown readable memory: 0x000000000000003e | 3e 00 00 00 00 00 00 00
stack at sp + 4 slots: 0x0000026a49ac12e0 points into unknown readable memory: 0x0000000000000000 | 00 00 00 00 00 00 00 00
stack at sp + 5 slots: 0x00007fff96364ffb jvm.dll
stack at sp + 6 slots: 0x0000026a49ac1860 points into unknown readable memory: 0x0000000000000000 | 00 00 00 00 00 00 00 00
stack at sp + 7 slots: 0x0000026a49ac1860 points into unknown readable memory: 0x0000000000000000 | 00 00 00 00 00 00 00 00


---------------  P R O C E S S  ---------------

Threads class SMR info:
_java_thread_list=0x0000026a490a6d60, length=13, elements={
0x0000026a2fcac1f0, 0x0000026a43acb740, 0x0000026a43ace9e0, 0x0000026a43b08130,
0x0000026a43b08eb0, 0x0000026a43b0a3d0, 0x0000026a43b12ec0, 0x0000026a43b149f0,
0x0000026a43b1e260, 0x0000026a48d087b0, 0x0000026a439c1510, 0x0000026a48fd28a0,
0x0000026a490b3570
}

Java Threads: ( => current thread )
  0x0000026a2fcac1f0 JavaThread "main" [_thread_in_native, id=5172, stack(0x000000a7c4a00000,0x000000a7c4b00000)]
  0x0000026a43acb740 JavaThread "Reference Handler" daemon [_thread_blocked, id=4236, stack(0x000000a7c4d00000,0x000000a7c4e00000)]
  0x0000026a43ace9e0 JavaThread "Finalizer" daemon [_thread_blocked, id=9328, stack(0x000000a7c4e00000,0x000000a7c4f00000)]
  0x0000026a43b08130 JavaThread "Signal Dispatcher" daemon [_thread_blocked, id=2044, stack(0x000000a7c4f00000,0x000000a7c5000000)]
  0x0000026a43b08eb0 JavaThread "Attach Listener" daemon [_thread_blocked, id=1020, stack(0x000000a7c5000000,0x000000a7c5100000)]
  0x0000026a43b0a3d0 JavaThread "Service Thread" daemon [_thread_blocked, id=4980, stack(0x000000a7c5100000,0x000000a7c5200000)]
  0x0000026a43b12ec0 JavaThread "Monitor Deflation Thread" daemon [_thread_blocked, id=7724, stack(0x000000a7c5200000,0x000000a7c5300000)]
=>0x0000026a43b149f0 JavaThread "C2 CompilerThread0" daemon [_thread_in_native, id=6608, stack(0x000000a7c5300000,0x000000a7c5400000)]
  0x0000026a43b1e260 JavaThread "C1 CompilerThread0" daemon [_thread_blocked, id=3368, stack(0x000000a7c5400000,0x000000a7c5500000)]
  0x0000026a48d087b0 JavaThread "Sweeper thread" daemon [_thread_blocked, id=2476, stack(0x000000a7c5500000,0x000000a7c5600000)]
  0x0000026a439c1510 JavaThread "Common-Cleaner" daemon [_thread_blocked, id=6420, stack(0x000000a7c5600000,0x000000a7c5700000)]
  0x0000026a48fd28a0 JavaThread "Notification Thread" daemon [_thread_blocked, id=3996, stack(0x000000a7c5700000,0x000000a7c5800000)]
  0x0000026a490b3570 JavaThread "C2 CompilerThread1" daemon [_thread_blocked, id=1924, stack(0x000000a7c5900000,0x000000a7c5a00000)]

Other Threads:
  0x0000026a43ab6730 VMThread "VM Thread" [stack: 0x000000a7c4c00000,0x000000a7c4d00000] [id=4272]
  0x0000026a48fd2d70 WatcherThread [stack: 0x000000a7c5800000,0x000000a7c5900000] [id=7240]
  0x0000026a2fcc4500 GCTaskThread "GC Thread#0" [stack: 0x000000a7c4b00000,0x000000a7c4c00000] [id=6516]

Threads with active compile tasks:
C2 CompilerThread0     1905  663       4       sun.security.provider.SHA2::implCompress0 (490 bytes)

VM state: not at safepoint (normal execution)

VM Mutex/Monitor currently owned by a thread: None

Heap address: 0x00000000c0000000, size: 1024 MB, Compressed Oops mode: 32-bit

CDS archive(s) not mapped
Compressed class space mapped at: 0x0000000100000000-0x0000000140000000, reserved size: 1073741824
Narrow klass base: 0x0000000000000000, Narrow klass shift: 3, Narrow klass range: 0x140000000

GC Precious Log:
 CPUs: 4 total, 4 available
 Memory: 7607M
 Large Page Support: Disabled
 NUMA Support: Disabled
 Compressed Oops: Enabled (32-bit)
 Alignments: Space 512K, Generation 512K, Heap 2M
 Heap Min Capacity: 100M
 Heap Initial Capacity: 100M
 Heap Max Capacity: 1G
 Pre-touch: Disabled
 Parallel Workers: 4

Heap:
 PSYoungGen      total 29696K, used 16957K [0x00000000eab00000, 0x00000000ecc00000, 0x0000000100000000)
  eden space 25600K, 66% used [0x00000000eab00000,0x00000000ebb8f508,0x00000000ec400000)
  from space 4096K, 0% used [0x00000000ec800000,0x00000000ec800000,0x00000000ecc00000)
  to   space 4096K, 0% used [0x00000000ec400000,0x00000000ec400000,0x00000000ec800000)
 ParOldGen       total 68608K, used 0K [0x00000000c0000000, 0x00000000c4300000, 0x00000000eab00000)
  object space 68608K, 0% used [0x00000000c0000000,0x00000000c0000000,0x00000000c4300000)
 Metaspace       used 9506K, committed 9664K, reserved 1114112K
  class space    used 947K, committed 1024K, reserved 1048576K

Card table byte_map: [0x0000026a2f660000,0x0000026a2f870000] _byte_map_base: 0x0000026a2f060000

Marking Bits: (ParMarkBitMap*) 0x00007fff96b852c0
 Begin Bits: [0x0000026a41940000, 0x0000026a42940000)
 End Bits:   [0x0000026a42940000, 0x0000026a43940000)

Polling page: 0x0000026a2dc50000

Metaspace:

Usage:
  Non-class:      8.36 MB used.
      Class:    947.95 KB used.
       Both:      9.28 MB used.

Virtual space:
  Non-class space:       64.00 MB reserved,       8.44 MB ( 13%) committed,  1 nodes.
      Class space:        1.00 GB reserved,       1.00 MB ( <1%) committed,  1 nodes.
             Both:        1.06 GB reserved,       9.44 MB ( <1%) committed. 

Chunk freelists:
   Non-Class:  6.90 MB
       Class:  15.03 MB
        Both:  21.93 MB

MaxMetaspaceSize: unlimited
CompressedClassSpaceSize: 1.00 GB
Initial GC threshold: 21.00 MB
Current GC threshold: 21.00 MB
CDS: off
MetaspaceReclaimPolicy: balanced
 - commit_granule_bytes: 65536.
 - commit_granule_words: 8192.
 - virtual_space_node_default_size: 8388608.
 - enlarge_chunks_in_place: 1.
 - new_chunks_are_fully_committed: 0.
 - uncommit_free_chunks: 1.
 - use_allocation_guard: 0.
 - handle_deallocations: 1.


Internal statistics:

num_allocs_failed_limit: 0.
num_arena_births: 14.
num_arena_deaths: 0.
num_vsnodes_births: 2.
num_vsnodes_deaths: 0.
num_space_committed: 151.
num_space_uncommitted: 0.
num_chunks_returned_to_freelist: 0.
num_chunks_taken_from_freelist: 52.
num_chunk_merges: 0.
num_chunk_splits: 29.
num_chunks_enlarged: 21.
num_inconsistent_stats: 0.

CodeHeap 'non-profiled nmethods': size=120000Kb used=289Kb max_used=289Kb free=119710Kb
 bounds [0x0000026a3a410000, 0x0000026a3a680000, 0x0000026a41940000]
CodeHeap 'profiled nmethods': size=120000Kb used=1163Kb max_used=1163Kb free=118837Kb
 bounds [0x0000026a32940000, 0x0000026a32bb0000, 0x0000026a39e70000]
CodeHeap 'non-nmethods': size=5760Kb used=1138Kb max_used=1162Kb free=4621Kb
 bounds [0x0000026a39e70000, 0x0000026a3a0e0000, 0x0000026a3a410000]
 total_blobs=1138 nmethods=708 adapters=345
 compilation: enabled
              stopped_count=0, restarted_count=0
 full_count=0

Compilation events (20 events):
Event: 1.748 Thread 0x0000026a43b1e260  676       3       sun.security.provider.SHA5::lf_ch (13 bytes)
Event: 1.748 Thread 0x0000026a43b1e260 nmethod 676 0x0000026a32a4b990 code [0x0000026a32a4bb20, 0x0000026a32a4bc18]
Event: 1.749 Thread 0x0000026a43b1e260  679       3       jdk.internal.misc.Unsafe::getLongUnaligned (12 bytes)
Event: 1.750 Thread 0x0000026a43b1e260 nmethod 679 0x0000026a32a4bc90 code [0x0000026a32a4be40, 0x0000026a32a4c028]
Event: 1.750 Thread 0x0000026a43b1e260  680       3       java.lang.invoke.VarHandleGuards::guard_LI_J (78 bytes)
Event: 1.753 Thread 0x0000026a43b1e260 nmethod 680 0x0000026a32a4c110 code [0x0000026a32a4c440, 0x0000026a32a4dfc8]
Event: 1.753 Thread 0x0000026a43b1e260  682       3       java.lang.invoke.VarHandleByteArrayAsLongs$ArrayHandle::get (36 bytes)
Event: 1.753 Thread 0x0000026a43b1e260 nmethod 682 0x0000026a32a4e810 code [0x0000026a32a4ea00, 0x0000026a32a4ef18]
Event: 1.753 Thread 0x0000026a43b1e260  683       3       java.lang.invoke.VarHandleByteArrayAsLongs$ArrayHandle::index (13 bytes)
Event: 1.754 Thread 0x0000026a43b1e260 nmethod 683 0x0000026a32a4f110 code [0x0000026a32a4f2c0, 0x0000026a32a4f4c8]
Event: 1.757 Thread 0x0000026a43b1e260  686       3       java.lang.Long::reverseBytes (46 bytes)
Event: 1.757 Thread 0x0000026a43b1e260 nmethod 686 0x0000026a32a4f610 code [0x0000026a32a4f7a0, 0x0000026a32a4f8f8]
Event: 1.765 Thread 0x0000026a43b1e260  688       3       sun.security.provider.SHA5::implCompress0 (346 bytes)
Event: 1.766 Thread 0x0000026a43b1e260 nmethod 688 0x0000026a32a4f990 code [0x0000026a32a4fbe0, 0x0000026a32a50608]
Event: 1.769 Thread 0x0000026a43b149f0 nmethod 656 0x0000026a3a44ef10 code [0x0000026a3a44f160, 0x0000026a3a450390]
Event: 1.770 Thread 0x0000026a43b149f0  663       4       sun.security.provider.SHA2::implCompress0 (490 bytes)
Event: 1.770 Thread 0x0000026a43b1e260  693       3       sun.security.provider.ByteArrayAccess::b2lBig128 (232 bytes)
Event: 1.782 Thread 0x0000026a43b1e260 nmethod 693 0x0000026a32a50d10 code [0x0000026a32a517e0, 0x0000026a32a57bb8]
Event: 1.784 Thread 0x0000026a43b1e260  694       3       sun.security.provider.SHA5::implCompress (13 bytes)
Event: 1.785 Thread 0x0000026a43b1e260 nmethod 694 0x0000026a32a59910 code [0x0000026a32a59b00, 0x0000026a32a59f68]

GC Heap History (0 events):
No events

Dll operation events (8 events):
Event: 0.015 Loaded shared library c:\Users\Usuario\.vscode\extensions\redhat.java-1.19.0-win32-x64\jre\17.0.7-win32-x86_64\bin\java.dll
Event: 0.264 Loaded shared library c:\Users\Usuario\.vscode\extensions\redhat.java-1.19.0-win32-x64\jre\17.0.7-win32-x86_64\bin\zip.dll
Event: 0.271 Loaded shared library C:\Users\Usuario\.vscode\extensions\redhat.java-1.19.0-win32-x64\jre\17.0.7-win32-x86_64\bin\instrument.dll
Event: 0.298 Loaded shared library C:\Users\Usuario\.vscode\extensions\redhat.java-1.19.0-win32-x64\jre\17.0.7-win32-x86_64\bin\net.dll
Event: 0.303 Loaded shared library C:\Users\Usuario\.vscode\extensions\redhat.java-1.19.0-win32-x64\jre\17.0.7-win32-x86_64\bin\nio.dll
Event: 0.315 Loaded shared library C:\Users\Usuario\.vscode\extensions\redhat.java-1.19.0-win32-x64\jre\17.0.7-win32-x86_64\bin\zip.dll
Event: 0.346 Loaded shared library C:\Users\Usuario\.vscode\extensions\redhat.java-1.19.0-win32-x64\jre\17.0.7-win32-x86_64\bin\jimage.dll
Event: 0.461 Loaded shared library c:\Users\Usuario\.vscode\extensions\redhat.java-1.19.0-win32-x64\jre\17.0.7-win32-x86_64\bin\verify.dll

Deoptimization events (20 events):
Event: 1.165 Thread 0x0000026a2fcac1f0 Uncommon trap: trap_request=0xffffff45 fr.pc=0x0000026a3a43337c relative=0x000000000000061c
Event: 1.165 Thread 0x0000026a2fcac1f0 Uncommon trap: reason=unstable_if action=reinterpret pc=0x0000026a3a43337c method=java.lang.String.replace(Ljava/lang/CharSequence;Ljava/lang/CharSequence;)Ljava/lang/String; @ 48 c2
Event: 1.165 Thread 0x0000026a2fcac1f0 DEOPT PACKING pc=0x0000026a3a43337c sp=0x000000a7c4afca80
Event: 1.165 Thread 0x0000026a2fcac1f0 DEOPT UNPACKING pc=0x0000026a39ec66a3 sp=0x000000a7c4afca00 mode 2
Event: 1.540 Thread 0x0000026a2fcac1f0 Uncommon trap: trap_request=0xffffff45 fr.pc=0x0000026a3a440ff4 relative=0x0000000000000074
Event: 1.540 Thread 0x0000026a2fcac1f0 Uncommon trap: reason=unstable_if action=reinterpret pc=0x0000026a3a440ff4 method=jdk.internal.misc.Unsafe.convEndian(ZI)I @ 4 c2
Event: 1.540 Thread 0x0000026a2fcac1f0 DEOPT PACKING pc=0x0000026a3a440ff4 sp=0x000000a7c4afdb60
Event: 1.540 Thread 0x0000026a2fcac1f0 DEOPT UNPACKING pc=0x0000026a39ec66a3 sp=0x000000a7c4afda90 mode 2
Event: 1.545 Thread 0x0000026a2fcac1f0 Uncommon trap: trap_request=0xffffff45 fr.pc=0x0000026a3a4312b0 relative=0x0000000000000570
Event: 1.545 Thread 0x0000026a2fcac1f0 Uncommon trap: reason=unstable_if action=reinterpret pc=0x0000026a3a4312b0 method=java.lang.AbstractStringBuilder.append(Ljava/lang/String;)Ljava/lang/AbstractStringBuilder; @ 1 c2
Event: 1.545 Thread 0x0000026a2fcac1f0 DEOPT PACKING pc=0x0000026a3a4312b0 sp=0x000000a7c4afdee0
Event: 1.545 Thread 0x0000026a2fcac1f0 DEOPT UNPACKING pc=0x0000026a39ec66a3 sp=0x000000a7c4afde60 mode 2
Event: 1.545 Thread 0x0000026a2fcac1f0 Uncommon trap: trap_request=0xffffff45 fr.pc=0x0000026a3a432140 relative=0x0000000000000580
Event: 1.545 Thread 0x0000026a2fcac1f0 Uncommon trap: reason=unstable_if action=reinterpret pc=0x0000026a3a432140 method=java.lang.AbstractStringBuilder.append(Ljava/lang/String;)Ljava/lang/AbstractStringBuilder; @ 1 c2
Event: 1.545 Thread 0x0000026a2fcac1f0 DEOPT PACKING pc=0x0000026a3a432140 sp=0x000000a7c4afde70
Event: 1.545 Thread 0x0000026a2fcac1f0 DEOPT UNPACKING pc=0x0000026a39ec66a3 sp=0x000000a7c4afde58 mode 2
Event: 1.686 Thread 0x0000026a2fcac1f0 DEOPT PACKING pc=0x0000026a329f74bc sp=0x000000a7c4afe9b0
Event: 1.686 Thread 0x0000026a2fcac1f0 DEOPT UNPACKING pc=0x0000026a39ec6e43 sp=0x000000a7c4afde60 mode 0
Event: 1.740 Thread 0x0000026a2fcac1f0 DEOPT PACKING pc=0x0000026a32a04132 sp=0x000000a7c4afe230
Event: 1.740 Thread 0x0000026a2fcac1f0 DEOPT UNPACKING pc=0x0000026a39ec6e43 sp=0x000000a7c4afd688 mode 0

Classes unloaded (0 events):
No events

Classes redefined (0 events):
No events

Internal exceptions (14 events):
Event: 0.202 Thread 0x0000026a2fcac1f0 Exception <a 'java/lang/NoSuchMethodError'{0x00000000eacb22d8}: 'void java.lang.invoke.DirectMethodHandle$Holder.invokeStatic(java.lang.Object, java.lang.Object, java.lang.Object)'> (0x00000000eacb22d8) 
thrown [s\src\hotspot\share\interpreter\linkResolver.cpp, line 759]
Event: 0.527 Thread 0x0000026a2fcac1f0 Exception <a 'java/lang/reflect/InvocationTargetException'{0x00000000eaf78508}> (0x00000000eaf78508) 
thrown [s\src\hotspot\share\runtime\reflection.cpp, line 1121]
Event: 1.524 Thread 0x0000026a2fcac1f0 Exception <a 'java/lang/ClassNotFoundException'{0x00000000eb782a38}: sun/net/www/protocol/c/Handler> (0x00000000eb782a38) 
thrown [s\src\hotspot\share\classfile\systemDictionary.cpp, line 256]
Event: 1.535 Thread 0x0000026a2fcac1f0 Exception <a 'java/io/FileNotFoundException'{0x00000000eb79d310}> (0x00000000eb79d310) 
thrown [s\src\hotspot\share\prims\jni.cpp, line 516]
Event: 1.536 Thread 0x0000026a2fcac1f0 Exception <a 'java/io/FileNotFoundException'{0x00000000eb79e068}> (0x00000000eb79e068) 
thrown [s\src\hotspot\share\prims\jni.cpp, line 516]
Event: 1.536 Thread 0x0000026a2fcac1f0 Exception <a 'java/io/FileNotFoundException'{0x00000000eb79eda8}> (0x00000000eb79eda8) 
thrown [s\src\hotspot\share\prims\jni.cpp, line 516]
Event: 1.537 Thread 0x0000026a2fcac1f0 Exception <a 'java/io/FileNotFoundException'{0x00000000eb79fac8}> (0x00000000eb79fac8) 
thrown [s\src\hotspot\share\prims\jni.cpp, line 516]
Event: 1.545 Thread 0x0000026a2fcac1f0 Implicit null exception at 0x0000026a3a430d72 to 0x0000026a3a431298
Event: 1.545 Thread 0x0000026a2fcac1f0 Implicit null exception at 0x0000026a3a431bf2 to 0x0000026a3a432128
Event: 1.549 Thread 0x0000026a2fcac1f0 Exception <a 'java/io/FileNotFoundException'{0x00000000eb7d8940}> (0x00000000eb7d8940) 
thrown [s\src\hotspot\share\prims\jni.cpp, line 516]
Event: 1.619 Thread 0x0000026a2fcac1f0 Exception <a 'sun/nio/fs/WindowsException'{0x00000000eb80f098}> (0x00000000eb80f098) 
thrown [s\src\hotspot\share\prims\jni.cpp, line 516]
Event: 1.620 Thread 0x0000026a2fcac1f0 Exception <a 'sun/nio/fs/WindowsException'{0x00000000eb819520}> (0x00000000eb819520) 
thrown [s\src\hotspot\share\prims\jni.cpp, line 516]
Event: 1.621 Thread 0x0000026a2fcac1f0 Exception <a 'sun/nio/fs/WindowsException'{0x00000000eb81ca18}> (0x00000000eb81ca18) 
thrown [s\src\hotspot\share\prims\jni.cpp, line 516]
Event: 1.621 Thread 0x0000026a2fcac1f0 Exception <a 'sun/nio/fs/WindowsException'{0x00000000eb81d190}> (0x00000000eb81d190) 
thrown [s\src\hotspot\share\prims\jni.cpp, line 516]

VM Operations (10 events):
Event: 0.209 Executing VM operation: HandshakeAllThreads
Event: 0.209 Executing VM operation: HandshakeAllThreads done
Event: 0.379 Executing VM operation: HandshakeAllThreads
Event: 0.379 Executing VM operation: HandshakeAllThreads done
Event: 1.375 Executing VM operation: Cleanup
Event: 1.392 Executing VM operation: Cleanup done
Event: 1.425 Executing VM operation: HandshakeAllThreads
Event: 1.425 Executing VM operation: HandshakeAllThreads done
Event: 1.474 Executing VM operation: HandshakeAllThreads
Event: 1.474 Executing VM operation: HandshakeAllThreads done

Events (20 events):
Event: 1.652 loading class java/nio/file/attribute/FileOwnerAttributeView done
Event: 1.652 loading class java/nio/file/attribute/AclFileAttributeView done
Event: 1.652 loading class sun/nio/fs/AbstractAclFileAttributeView done
Event: 1.652 loading class sun/nio/fs/WindowsAclFileAttributeView done
Event: 1.653 loading class sun/nio/fs/WindowsSecurity
Event: 1.653 loading class sun/nio/fs/WindowsSecurity done
Event: 1.654 loading class sun/nio/fs/WindowsFileStore
Event: 1.654 loading class java/nio/file/FileStore
Event: 1.654 loading class java/nio/file/FileStore done
Event: 1.654 loading class sun/nio/fs/WindowsFileStore done
Event: 1.673 loading class java/net/URLClassLoader$1
Event: 1.673 loading class java/net/URLClassLoader$1 done
Event: 1.725 loading class sun/security/x509/RFC822Name
Event: 1.725 loading class sun/security/x509/RFC822Name done
Event: 1.743 loading class sun/security/rsa/RSASignature$SHA384withRSA
Event: 1.743 loading class sun/security/rsa/RSASignature$SHA384withRSA done
Event: 1.743 loading class sun/security/provider/SHA5$SHA384
Event: 1.743 loading class sun/security/provider/SHA5
Event: 1.744 loading class sun/security/provider/SHA5 done
Event: 1.744 loading class sun/security/provider/SHA5$SHA384 done


Dynamic libraries:
0x00007ff670d70000 - 0x00007ff670d7e000 	c:\Users\Usuario\.vscode\extensions\redhat.java-1.19.0-win32-x64\jre\17.0.7-win32-x86_64\bin\java.exe
0x00007fffd51b0000 - 0x00007fffd53a8000 	C:\WINDOWS\SYSTEM32\ntdll.dll
0x00007fffd3350000 - 0x00007fffd340f000 	C:\WINDOWS\System32\KERNEL32.DLL
0x00007fffd2d30000 - 0x00007fffd3026000 	C:\WINDOWS\System32\KERNELBASE.dll
0x00007fffd29a0000 - 0x00007fffd2aa0000 	C:\WINDOWS\System32\ucrtbase.dll
0x00007fffad400000 - 0x00007fffad417000 	c:\Users\Usuario\.vscode\extensions\redhat.java-1.19.0-win32-x64\jre\17.0.7-win32-x86_64\bin\jli.dll
0x00007fffafa40000 - 0x00007fffafa59000 	c:\Users\Usuario\.vscode\extensions\redhat.java-1.19.0-win32-x64\jre\17.0.7-win32-x86_64\bin\VCRUNTIME140.dll
0x00007fffd3530000 - 0x00007fffd36cd000 	C:\WINDOWS\System32\USER32.dll
0x00007fffd2b50000 - 0x00007fffd2b72000 	C:\WINDOWS\System32\win32u.dll
0x00007fffd4cd0000 - 0x00007fffd4cfc000 	C:\WINDOWS\System32\GDI32.dll
0x00007fffd2b80000 - 0x00007fffd2c95000 	C:\WINDOWS\System32\gdi32full.dll
0x00007fffd2900000 - 0x00007fffd299d000 	C:\WINDOWS\System32\msvcp_win.dll
0x00007fffc4100000 - 0x00007fffc439a000 	C:\WINDOWS\WinSxS\amd64_microsoft.windows.common-controls_6595b64144ccf1df_6.0.19041.1110_none_60b5254171f9507e\COMCTL32.dll
0x00007fffd44e0000 - 0x00007fffd457e000 	C:\WINDOWS\System32\msvcrt.dll
0x00007fffd38e0000 - 0x00007fffd3910000 	C:\WINDOWS\System32\IMM32.DLL
0x00007fffbfad0000 - 0x00007fffbfadc000 	c:\Users\Usuario\.vscode\extensions\redhat.java-1.19.0-win32-x64\jre\17.0.7-win32-x86_64\bin\vcruntime140_1.dll
0x00007fff98ae0000 - 0x00007fff98b71000 	c:\Users\Usuario\.vscode\extensions\redhat.java-1.19.0-win32-x64\jre\17.0.7-win32-x86_64\bin\msvcp140.dll
0x00007fff96000000 - 0x00007fff96c48000 	c:\Users\Usuario\.vscode\extensions\redhat.java-1.19.0-win32-x64\jre\17.0.7-win32-x86_64\bin\server\jvm.dll
0x00007fffd3740000 - 0x00007fffd37ef000 	C:\WINDOWS\System32\ADVAPI32.dll
0x00007fffd4440000 - 0x00007fffd44dc000 	C:\WINDOWS\System32\sechost.dll
0x00007fffd3220000 - 0x00007fffd3346000 	C:\WINDOWS\System32\RPCRT4.dll
0x00007fffc6670000 - 0x00007fffc6697000 	C:\WINDOWS\SYSTEM32\WINMM.dll
0x00007fffbe760000 - 0x00007fffbe769000 	C:\WINDOWS\SYSTEM32\WSOCK32.dll
0x00007fffd3a70000 - 0x00007fffd3adb000 	C:\WINDOWS\System32\WS2_32.dll
0x00007fffc38a0000 - 0x00007fffc38aa000 	C:\WINDOWS\SYSTEM32\VERSION.dll
0x00007fffd0750000 - 0x00007fffd0762000 	C:\WINDOWS\SYSTEM32\kernel.appcore.dll
0x00007fffbde80000 - 0x00007fffbde8a000 	c:\Users\Usuario\.vscode\extensions\redhat.java-1.19.0-win32-x64\jre\17.0.7-win32-x86_64\bin\jimage.dll
0x00007fffbb5a0000 - 0x00007fffbb784000 	C:\WINDOWS\SYSTEM32\DBGHELP.DLL
0x00007fffbb560000 - 0x00007fffbb594000 	C:\WINDOWS\SYSTEM32\dbgcore.DLL
0x00007fffd2ca0000 - 0x00007fffd2d22000 	C:\WINDOWS\System32\bcryptPrimitives.dll
0x00007fffbdad0000 - 0x00007fffbdade000 	c:\Users\Usuario\.vscode\extensions\redhat.java-1.19.0-win32-x64\jre\17.0.7-win32-x86_64\bin\instrument.dll
0x00007fffac0b0000 - 0x00007fffac0d5000 	c:\Users\Usuario\.vscode\extensions\redhat.java-1.19.0-win32-x64\jre\17.0.7-win32-x86_64\bin\java.dll
0x00007fffac090000 - 0x00007fffac0a8000 	c:\Users\Usuario\.vscode\extensions\redhat.java-1.19.0-win32-x64\jre\17.0.7-win32-x86_64\bin\zip.dll
0x00007fffd4580000 - 0x00007fffd4cc4000 	C:\WINDOWS\System32\SHELL32.dll
0x00007fffd0950000 - 0x00007fffd10e3000 	C:\WINDOWS\SYSTEM32\windows.storage.dll
0x00007fffd3e70000 - 0x00007fffd41c4000 	C:\WINDOWS\System32\combase.dll
0x00007fffd2210000 - 0x00007fffd223e000 	C:\WINDOWS\SYSTEM32\Wldp.dll
0x00007fffd3bb0000 - 0x00007fffd3c5d000 	C:\WINDOWS\System32\SHCORE.dll
0x00007fffd3e10000 - 0x00007fffd3e65000 	C:\WINDOWS\System32\shlwapi.dll
0x00007fffd27d0000 - 0x00007fffd27ef000 	C:\WINDOWS\SYSTEM32\profapi.dll
0x00007fff98ac0000 - 0x00007fff98ad9000 	C:\Users\Usuario\.vscode\extensions\redhat.java-1.19.0-win32-x64\jre\17.0.7-win32-x86_64\bin\net.dll
0x00007fffc9990000 - 0x00007fffc9a9a000 	C:\WINDOWS\SYSTEM32\WINHTTP.dll
0x00007fffd1f70000 - 0x00007fffd1fda000 	C:\WINDOWS\system32\mswsock.dll
0x00007fff98aa0000 - 0x00007fff98ab5000 	C:\Users\Usuario\.vscode\extensions\redhat.java-1.19.0-win32-x64\jre\17.0.7-win32-x86_64\bin\nio.dll
0x00007fffbd650000 - 0x00007fffbd660000 	c:\Users\Usuario\.vscode\extensions\redhat.java-1.19.0-win32-x64\jre\17.0.7-win32-x86_64\bin\verify.dll

dbghelp: loaded successfully - version: 4.0.5 - missing functions: none
symbol engine: initialized successfully - sym options: 0x614 - pdb path: .;c:\Users\Usuario\.vscode\extensions\redhat.java-1.19.0-win32-x64\jre\17.0.7-win32-x86_64\bin;C:\WINDOWS\SYSTEM32;C:\WINDOWS\WinSxS\amd64_microsoft.windows.common-controls_6595b64144ccf1df_6.0.19041.1110_none_60b5254171f9507e;c:\Users\Usuario\.vscode\extensions\redhat.java-1.19.0-win32-x64\jre\17.0.7-win32-x86_64\bin\server

VM Arguments:
jvm_args: --add-modules=ALL-SYSTEM --add-opens=java.base/java.util=ALL-UNNAMED --add-opens=java.base/java.lang=ALL-UNNAMED --add-opens=java.base/sun.nio.fs=ALL-UNNAMED -Declipse.application=org.eclipse.jdt.ls.core.id1 -Dosgi.bundles.defaultStartLevel=4 -Declipse.product=org.eclipse.jdt.ls.core.product -Djava.import.generatesMetadataFilesAtProjectRoot=false -Dfile.encoding=utf8 -XX:+UseParallelGC -XX:GCTimeRatio=4 -XX:AdaptiveSizePolicyWeight=90 -Dsun.zip.disableMemoryMapping=true -Xmx1G -Xms100m -Xlog:disable -javaagent:c:\Users\Usuario\.vscode\extensions\redhat.java-1.19.0-win32-x64\lombok\lombok-1.18.28.jar -XX:+HeapDumpOnOutOfMemoryError -XX:HeapDumpPath=c:\Users\Usuario\AppData\Roaming\Code\User\workspaceStorage\74d5f850366c5165507e9b467a83615c\redhat.java -Daether.dependencyCollector.impl=bf 
java_command: c:\Users\Usuario\.vscode\extensions\redhat.java-1.19.0-win32-x64\server\plugins\org.eclipse.equinox.launcher_1.6.400.v20210924-0641.jar -configuration c:\Users\Usuario\AppData\Roaming\Code\User\globalStorage\redhat.java\1.19.0\config_win -data c:\Users\Usuario\AppData\Roaming\Code\User\workspaceStorage\74d5f850366c5165507e9b467a83615c\redhat.java\jdt_ws
java_class_path (initial): c:\Users\Usuario\.vscode\extensions\redhat.java-1.19.0-win32-x64\server\plugins\org.eclipse.equinox.launcher_1.6.400.v20210924-0641.jar
Launcher Type: SUN_STANDARD

[Global flags]
    uintx AdaptiveSizePolicyWeight                 = 90                                        {product} {command line}
     intx CICompilerCount                          = 3                                         {product} {ergonomic}
    uintx GCTimeRatio                              = 4                                         {product} {command line}
     bool HeapDumpOnOutOfMemoryError               = true                                   {manageable} {command line}
    ccstr HeapDumpPath                             = c:\Users\Usuario\AppData\Roaming\Code\User\workspaceStorage\74d5f850366c5165507e9b467a83615c\redhat.java         {manageable} {command line}
   size_t InitialHeapSize                          = 104857600                                 {product} {command line}
   size_t MaxHeapSize                              = 1073741824                                {product} {command line}
   size_t MaxNewSize                               = 357564416                                 {product} {ergonomic}
   size_t MinHeapDeltaBytes                        = 524288                                    {product} {ergonomic}
   size_t MinHeapSize                              = 104857600                                 {product} {command line}
   size_t NewSize                                  = 34603008                                  {product} {ergonomic}
    uintx NonNMethodCodeHeapSize                   = 5832780                                {pd product} {ergonomic}
    uintx NonProfiledCodeHeapSize                  = 122912730                              {pd product} {ergonomic}
   size_t OldSize                                  = 70254592                                  {product} {ergonomic}
    uintx ProfiledCodeHeapSize                     = 122912730                              {pd product} {ergonomic}
    uintx ReservedCodeCacheSize                    = 251658240                              {pd product} {ergonomic}
     bool SegmentedCodeCache                       = true                                      {product} {ergonomic}
   size_t SoftMaxHeapSize                          = 1073741824                             {manageable} {ergonomic}
     bool UseCompressedClassPointers               = true                           {product lp64_product} {ergonomic}
     bool UseCompressedOops                        = true                           {product lp64_product} {ergonomic}
     bool UseLargePagesIndividualAllocation        = false                                  {pd product} {ergonomic}
     bool UseParallelGC                            = true                                      {product} {command line}

Logging:
Log output configuration:
 #0: stdout all=off uptime,level,tags
 #1: stderr all=off uptime,level,tags

Environment Variables:
JAVA_HOME=C:\Program Files\Java\jdk-20
PATH=C:\Program Files\Common Files\Oracle\Java\javapath;C:\Program Files (x86)\Common Files\Oracle\Java\javapath;C:\Program Files (x86)\Razer Chroma SDK\bin;C:\Program Files\Razer Chroma SDK\bin;C:\Program Files (x86)\Razer\ChromaBroadcast\bin;C:\Program Files\Razer\ChromaBroadcast\bin;C:\WINDOWS\system32;C:\WINDOWS;C:\WINDOWS\System32\Wbem;C:\WINDOWS\System32\WindowsPowerShell\v1.0\;C:\WINDOWS\System32\OpenSSH\;C:\WINDOWS\system32\config\systemprofile\AppData\Local\Microsoft\WindowsApps;C:\Program Files\Java\jdk-17.0.1\bin;C:\Program Files\Git\cmd;C:\Users\Usuario\AppData\Local\Microsoft\WindowsApps;C:\Program Files\JetBrains\PyCharm Community Edition 2021.3\bin;C:\Users\Usuario\AppData\Local\atom\bin;C:\Users\Usuario\AppData\Local\Programs\Microsoft VS Code\bin
USERNAME=Usuario
OS=Windows_NT
PROCESSOR_IDENTIFIER=Intel64 Family 6 Model 61 Stepping 4, GenuineIntel
TMP=C:\Users\Usuario\AppData\Local\Temp
TEMP=C:\Users\Usuario\AppData\Local\Temp



---------------  S Y S T E M  ---------------

OS:
 Windows 10 , 64 bit Build 19041 (10.0.19041.2913)
OS uptime: 0 days 0:04 hours

CPU: total 4 (initial active 4) (2 cores per cpu, 2 threads per core) family 6 model 61 stepping 4 microcode 0x2d, cx8, cmov, fxsr, ht, mmx, 3dnowpref, sse, sse2, sse3, ssse3, sse4.1, sse4.2, popcnt, lzcnt, tsc, tscinvbit, avx, avx2, aes, erms, clmul, bmi1, bmi2, adx, fma, vzeroupper, clflush

Memory: 4k page, system-wide physical 7607M (4807M free)
TotalPageFile size 9453M (AvailPageFile size 6520M)
current process WorkingSet (physical memory assigned to process): 62M, peak: 63M
current process commit charge ("private bytes"): 186M, peak: 187M

vm_info: OpenJDK 64-Bit Server VM (17.0.7+7) for windows-amd64 JRE (17.0.7+7), built on Apr 18 2023 22:10:42 by "temurin" with MS VC++ 16.7 (VS2019)

END.
